<?xml version="1.0" encoding="UTF-8"?>
<testsuite name="CardDeliveryOrderTest" tests="12" skipped="0" failures="0" errors="0" timestamp="2022-08-24T18:21:05" hostname="DESKTOP-DM51CUG" time="40.081">
  <properties/>
  <testcase name="phoneEmptyTest()" classname="CardDeliveryOrderTest" time="3.935"/>
  <testcase name="dateMeeting2daysTest()" classname="CardDeliveryOrderTest" time="1.074"/>
  <testcase name="nameEngTest()" classname="CardDeliveryOrderTest" time="1.054"/>
  <testcase name="validTest()" classname="CardDeliveryOrderTest" time="13.156"/>
  <testcase name="dateMeeting4daysTest()" classname="CardDeliveryOrderTest" time="13.243"/>
  <testcase name="cityNotFromRussiaTest()" classname="CardDeliveryOrderTest" time="1.089"/>
  <testcase name="phone10SymbolTest()" classname="CardDeliveryOrderTest" time="1.087"/>
  <testcase name="nameSpecialCharacterTest()" classname="CardDeliveryOrderTest" time="1.187"/>
  <testcase name="phone12SymbolTest()" classname="CardDeliveryOrderTest" time="1.143"/>
  <testcase name="notAdministrativeCenterTest()" classname="CardDeliveryOrderTest" time="1.131"/>
  <testcase name="nameEmptyTest()" classname="CardDeliveryOrderTest" time="0.979"/>
  <testcase name="cityEmptyTest()" classname="CardDeliveryOrderTest" time="1.0"/>
  <system-out><![CDATA[]]></system-out>
  <system-err><![CDATA[SLF4J: Failed to load class "org.slf4j.impl.StaticLoggerBinder".
SLF4J: Defaulting to no-operation (NOP) logger implementation
SLF4J: See http://www.slf4j.org/codes.html#StaticLoggerBinder for further details.
Starting ChromeDriver 104.0.5112.79 (3cf3e8c8a07d104b9e1260c910efb8f383285dc5-refs/branch-heads/5112@{#1307}) on port 13603
Only local connections are allowed.
Please see https://chromedriver.chromium.org/security-considerations for suggestions on keeping ChromeDriver safe.
ChromeDriver was started successfully.
авг 24, 2022 9:21:07 PM org.openqa.selenium.remote.ProtocolHandshake createSession
INFO: Detected dialect: W3C
]]></system-err>
</testsuite>
